<?xml version="1.0" encoding="UTF-8"?>
<!-- Generated by org.testng.reporters.JUnitReportReporter -->
<testsuite hostname="SuperMan-Wangyan20180625" name="Test.NoAssert" tests="1" failures="0" timestamp="5 Jun 2019 05:48:21 GMT" time="0.008" errors="0">
  <testcase name="showReport" time="0.008" classname="Test.NoAssert"/>
</testsuite> <!-- Test.NoAssert -->
