<?xml version="1.0" encoding="UTF-8"?>
<!-- Generated by org.testng.reporters.JUnitReportReporter -->
<testsuite skipped="0" hostname="SuperMan-Wangyan20180625" name="Test.NoAssert" tests="1" failures="0" timestamp="23 五月 2019 05:39:57 GMT" time="0.002" errors="0">
  <testcase name="showReport" time="0.002" classname="Test.NoAssert"/>
</testsuite> <!-- Test.NoAssert -->
