<?xml version="1.0" encoding="UTF-8"?>
<!-- Generated by org.testng.reporters.JUnitReportReporter -->
<testsuite hostname="MTC-20180624XMT" name="Test.DataProviderSet_Assert" tests="1" failures="0" timestamp="19 Mar 2019 09:25:04 GMT" time="0.024" errors="0">
  <testcase name="star" time="0.024" classname="Test.DataProviderSet_Assert"/>
</testsuite> <!-- Test.DataProviderSet_Assert -->
