<?xml version="1.0" encoding="UTF-8"?>
<!-- Generated by org.testng.reporters.JUnitReportReporter -->
<testsuite skipped="1" hostname="SuperMan-Wangyan20180625" name="Test.DataProviderSet_Assert" tests="1" failures="0" timestamp="26 四月 2019 02:18:34 GMT" time="0.000" errors="0">
  <testcase name="star" time="0.000" classname="Test.DataProviderSet_Assert">
    <skipped/>
  </testcase> <!-- star -->
</testsuite> <!-- Test.DataProviderSet_Assert -->
