<?xml version="1.0" encoding="UTF-8"?>
<!-- Generated by org.testng.reporters.JUnitReportReporter -->
<testsuite skipped="0" hostname="MTC-20180624XMT" name="configSelenium.Assert.TestCase" tests="2" failures="0" timestamp="27 二月 2019 06:59:38 GMT" time="0.011" errors="0">
  <testcase name="Case2" time="0.000" classname="configSelenium.Assert.TestCase"/>
  <testcase name="Case1" time="0.011" classname="configSelenium.Assert.TestCase"/>
</testsuite> <!-- configSelenium.Assert.TestCase -->
