<?xml version="1.0" encoding="UTF-8"?>
<!-- Generated by org.testng.reporters.JUnitReportReporter -->
<testsuite skipped="0" hostname="SuperMan-Wangyan20180625" name="Test.NoAssert" tests="1" failures="0" timestamp="23 五月 2019 06:32:14 GMT" time="0.006" errors="0">
  <testcase name="showReport" time="0.006" classname="Test.NoAssert"/>
</testsuite> <!-- Test.NoAssert -->
