<?xml version="1.0" encoding="UTF-8"?>
<!-- Generated by org.testng.reporters.JUnitReportReporter -->
<testsuite skipped="0" hostname="SuperMan-Wangyan20180625" name="Test.NoAssert" tests="1" failures="0" timestamp="24 五月 2019 02:31:15 GMT" time="0.005" errors="0">
  <testcase name="showReport" time="0.005" classname="Test.NoAssert"/>
</testsuite> <!-- Test.NoAssert -->
