<?xml version="1.0" encoding="UTF-8"?>
<!-- Generated by org.testng.reporters.JUnitReportReporter -->
<testsuite hostname="MTC-20180624XMT" name="Test.DataProviderSet_Assert" tests="1" failures="0" timestamp="20 Mar 2019 10:02:29 GMT" time="0.021" errors="0">
  <testcase name="star" time="0.021" classname="Test.DataProviderSet_Assert"/>
</testsuite> <!-- Test.DataProviderSet_Assert -->
