<?xml version="1.0" encoding="UTF-8"?>
<!-- Generated by org.testng.reporters.JUnitReportReporter -->
<testsuite skipped="0" hostname="SuperMan-Wangyan20180625" name="Test.NoAssert" tests="1" failures="0" timestamp="14 五月 2019 09:08:30 GMT" time="0.004" errors="0">
  <testcase name="showReport" time="0.004" classname="Test.NoAssert"/>
</testsuite> <!-- Test.NoAssert -->
